<?xml version="1.0" encoding="utf-8"?><testsuites name="pytest tests"><testsuite name="pytest" errors="0" failures="0" skipped="0" tests="16" time="1.643" timestamp="2026-01-22T22:44:13.418956+00:00" hostname="agent-env-18a78c50-3465-418a-9d4d-ea1afa639cf9"><testcase classname="backend.tests.test_admin_passengers.TestAdminPassengerManagement" name="test_01_get_all_passengers" time="0.064" /><testcase classname="backend.tests.test_admin_passengers.TestAdminPassengerManagement" name="test_02_create_test_passenger" time="0.077" /><testcase classname="backend.tests.test_admin_passengers.TestAdminPassengerManagement" name="test_03_passenger_login_success" time="0.158" /><testcase classname="backend.tests.test_admin_passengers.TestAdminPassengerManagement" name="test_04_block_passenger" time="0.112" /><testcase classname="backend.tests.test_admin_passengers.TestAdminPassengerManagement" name="test_05_blocked_passenger_cannot_login" time="0.185" /><testcase classname="backend.tests.test_admin_passengers.TestAdminPassengerManagement" name="test_06_unblock_passenger" time="0.149" /><testcase classname="backend.tests.test_admin_passengers.TestAdminPassengerManagement" name="test_07_unblocked_passenger_can_login" time="0.179" /><testcase classname="backend.tests.test_admin_passengers.TestAdminPassengerManagement" name="test_08_delete_passenger" time="0.077" /><testcase classname="backend.tests.test_admin_passengers.TestAdminPassengerManagement" name="test_09_deleted_passenger_cannot_login" time="0.154" /><testcase classname="backend.tests.test_admin_passengers.TestAdminPassengerManagement" name="test_10_block_nonexistent_passenger" time="0.032" /><testcase classname="backend.tests.test_admin_passengers.TestAdminPassengerManagement" name="test_11_unblock_nonexistent_passenger" time="0.035" /><testcase classname="backend.tests.test_admin_passengers.TestAdminPassengerManagement" name="test_12_delete_nonexistent_passenger" time="0.031" /><testcase classname="backend.tests.test_admin_passengers.TestAdminPassengerManagement" name="test_13_passenger_appears_in_list_after_creation" time="0.106" /><testcase classname="backend.tests.test_admin_passengers.TestAdminPassengerManagement" name="test_14_blocked_status_visible_in_list" time="0.148" /><testcase classname="backend.tests.test_admin_passengers.TestPassengerLoginValidation" name="test_login_invalid_phone" time="0.040" /><testcase classname="backend.tests.test_admin_passengers.TestPassengerLoginValidation" name="test_login_missing_fields" time="0.032" /></testsuite></testsuites>