<?xml version="1.0" encoding="utf-8"?><testsuites name="pytest tests"><testsuite name="pytest" errors="0" failures="0" skipped="0" tests="8" time="1.408" timestamp="2026-01-27T10:20:11.505718+00:00" hostname="agent-env-463d46c4-967c-4e60-8066-859383c40369"><testcase classname="backend.tests.test_travel_time.TestTravelTimeValidation" name="test_health_check" time="0.065" /><testcase classname="backend.tests.test_travel_time.TestTravelTimeValidation" name="test_travel_time_conflict_insufficient_time" time="0.238" /><testcase classname="backend.tests.test_travel_time.TestTravelTimeValidation" name="test_travel_time_feasible_plenty_of_time" time="0.178" /><testcase classname="backend.tests.test_travel_time.TestTravelTimeValidation" name="test_travel_time_tight_schedule_warning" time="0.189" /><testcase classname="backend.tests.test_travel_time.TestTravelTimeValidation" name="test_no_bookings_on_vehicle" time="0.041" /><testcase classname="backend.tests.test_travel_time.TestTravelTimeValidation" name="test_invalid_datetime_format" time="0.036" /><testcase classname="backend.tests.test_travel_time.TestTravelTimeEdgeCases" name="test_same_location_pickup" time="0.280" /><testcase classname="backend.tests.test_travel_time.TestTravelTimeEdgeCases" name="test_check_next_booking_conflict" time="0.323" /></testsuite></testsuites>