<?xml version="1.0" encoding="utf-8"?><testsuites name="pytest tests"><testsuite name="pytest" errors="0" failures="1" skipped="0" tests="9" time="1.319" timestamp="2026-01-20T14:43:02.213790+00:00" hostname="agent-env-79272467-0861-4205-9284-671bcb205e59"><testcase classname="tests.test_multi_stop_return_flight.TestMultiStopBookings" name="test_create_booking_with_additional_stops" time="0.208" /><testcase classname="tests.test_multi_stop_return_flight.TestMultiStopBookings" name="test_existing_booking_cj009_has_additional_stops" time="0.037" /><testcase classname="tests.test_multi_stop_return_flight.TestReturnBookings" name="test_create_booking_with_return" time="0.128"><failure message="AssertionError: Return pickup should be original dropoff&#10;assert 'Seaham Town Centre' == 'Sunderland Royal Hospital'&#10;  &#10;  - Sunderland Royal Hospital&#10;  + Seaham Town Centre">tests/test_multi_stop_return_flight.py:114: in test_create_booking_with_return
    assert return_booking.get("pickup_location") == "Sunderland Royal Hospital", "Return pickup should be original dropoff"
E   AssertionError: Return pickup should be original dropoff
E   assert 'Seaham Town Centre' == 'Sunderland Royal Hospital'
E     
E     - Sunderland Royal Hospital
E     + Seaham Town Centre</failure></testcase><testcase classname="tests.test_multi_stop_return_flight.TestReturnBookings" name="test_existing_linked_bookings_cj009_cj010" time="0.040" /><testcase classname="tests.test_multi_stop_return_flight.TestFlightInfo" name="test_create_booking_with_flight_info" time="0.170" /><testcase classname="tests.test_multi_stop_return_flight.TestFlightInfo" name="test_existing_booking_cj009_has_flight_info" time="0.036" /><testcase classname="tests.test_multi_stop_return_flight.TestUpdateBookingWithNewFields" name="test_update_booking_additional_stops" time="0.195" /><testcase classname="tests.test_multi_stop_return_flight.TestUpdateBookingWithNewFields" name="test_update_booking_flight_info" time="0.142" /><testcase classname="tests.test_multi_stop_return_flight.TestContractWorkWithNewFeatures" name="test_create_contract_booking_with_all_features" time="0.267" /></testsuite></testsuites>