<?xml version="1.0" encoding="utf-8"?><testsuites name="pytest tests"><testsuite name="pytest" errors="0" failures="0" skipped="0" tests="8" time="0.950" timestamp="2026-01-21T07:42:03.092556+00:00" hostname="agent-env-0c8d305f-f98b-4f99-8052-cfd608f9b5c6"><testcase classname="tests.test_passenger_portal_email.TestGoogleMapsAPIKey" name="test_directions_endpoint_works" time="0.298" /><testcase classname="tests.test_passenger_portal_email.TestGoogleMapsAPIKey" name="test_directions_with_uk_postcodes" time="0.173" /><testcase classname="tests.test_passenger_portal_email.TestPassengerAuthentication" name="test_passenger_login" time="0.039" /><testcase classname="tests.test_passenger_portal_email.TestBookingRequestWithEmail" name="test_submit_booking_request_with_email" time="0.073" /><testcase classname="tests.test_passenger_portal_email.TestBookingRequestWithEmail" name="test_submit_booking_request_without_email" time="0.073" /><testcase classname="tests.test_passenger_portal_email.TestAdminBookingRequests" name="test_admin_booking_requests_returns_new_fields" time="0.036" /><testcase classname="tests.test_passenger_portal_email.TestAdminBookingRequests" name="test_booking_request_with_email_appears_in_admin" time="0.115" /><testcase classname="tests.test_passenger_portal_email.TestBookingRequestCreateModel" name="test_full_booking_request_with_all_fields" time="0.078" /></testsuite></testsuites>