<?xml version="1.0" encoding="utf-8"?><testsuites name="pytest tests"><testsuite name="pytest" errors="0" failures="0" skipped="0" tests="20" time="1.238" timestamp="2026-01-21T18:05:28.879073+00:00" hostname="agent-env-0ba4f761-d8dc-40be-803d-7068d70416dd"><testcase classname="tests.test_vehicles_and_types.TestVehicleTypes" name="test_get_all_vehicle_types" time="0.077" /><testcase classname="tests.test_vehicles_and_types.TestVehicleTypes" name="test_vehicle_type_has_required_fields" time="0.038" /><testcase classname="tests.test_vehicles_and_types.TestVehicleTypes" name="test_vehicle_type_has_trailer_flag" time="0.036" /><testcase classname="tests.test_vehicles_and_types.TestVehicleTypes" name="test_vehicle_type_shows_vehicle_count" time="0.036" /><testcase classname="tests.test_vehicles_and_types.TestVehicleTypes" name="test_create_vehicle_type" time="0.037" /><testcase classname="tests.test_vehicles_and_types.TestVehicleTypes" name="test_get_single_vehicle_type" time="0.041" /><testcase classname="tests.test_vehicles_and_types.TestVehicleTypes" name="test_update_vehicle_type" time="0.040" /><testcase classname="tests.test_vehicles_and_types.TestVehicleTypes" name="test_delete_vehicle_type" time="0.070" /><testcase classname="tests.test_vehicles_and_types.TestVehicleTypes" name="test_cannot_delete_type_with_vehicles" time="0.080" /><testcase classname="tests.test_vehicles_and_types.TestVehicles" name="test_get_all_vehicles" time="0.045" /><testcase classname="tests.test_vehicles_and_types.TestVehicles" name="test_vehicle_has_required_fields" time="0.039" /><testcase classname="tests.test_vehicles_and_types.TestVehicles" name="test_vehicle_has_document_dates" time="0.035" /><testcase classname="tests.test_vehicles_and_types.TestVehicles" name="test_vehicle_linked_to_type" time="0.031" /><testcase classname="tests.test_vehicles_and_types.TestVehicles" name="test_create_vehicle" time="0.137" /><testcase classname="tests.test_vehicles_and_types.TestVehicles" name="test_get_single_vehicle" time="0.039" /><testcase classname="tests.test_vehicles_and_types.TestVehicles" name="test_update_vehicle" time="0.033" /><testcase classname="tests.test_vehicles_and_types.TestVehicles" name="test_update_vehicle_type_assignment" time="0.072" /><testcase classname="tests.test_vehicles_and_types.TestVehicles" name="test_delete_vehicle" time="0.114" /><testcase classname="tests.test_vehicles_and_types.TestVehicles" name="test_create_vehicle_with_invalid_type" time="0.037" /><testcase classname="tests.test_vehicles_and_types.TestDocumentStatus" name="test_vehicle_with_valid_documents" time="0.118" /></testsuite></testsuites>