<?xml version="1.0" encoding="utf-8"?><testsuites name="pytest tests"><testsuite name="pytest" errors="0" failures="0" skipped="0" tests="9" time="1.178" timestamp="2026-01-20T14:43:53.406941+00:00" hostname="agent-env-79272467-0861-4205-9284-671bcb205e59"><testcase classname="tests.test_multi_stop_return_flight.TestMultiStopBookings" name="test_create_booking_with_additional_stops" time="0.155" /><testcase classname="tests.test_multi_stop_return_flight.TestMultiStopBookings" name="test_existing_booking_cj009_has_additional_stops" time="0.035" /><testcase classname="tests.test_multi_stop_return_flight.TestReturnBookings" name="test_create_booking_with_return" time="0.187" /><testcase classname="tests.test_multi_stop_return_flight.TestReturnBookings" name="test_existing_linked_bookings_cj009_cj010" time="0.036" /><testcase classname="tests.test_multi_stop_return_flight.TestFlightInfo" name="test_create_booking_with_flight_info" time="0.134" /><testcase classname="tests.test_multi_stop_return_flight.TestFlightInfo" name="test_existing_booking_cj009_has_flight_info" time="0.034" /><testcase classname="tests.test_multi_stop_return_flight.TestUpdateBookingWithNewFields" name="test_update_booking_additional_stops" time="0.132" /><testcase classname="tests.test_multi_stop_return_flight.TestUpdateBookingWithNewFields" name="test_update_booking_flight_info" time="0.131" /><testcase classname="tests.test_multi_stop_return_flight.TestContractWorkWithNewFeatures" name="test_create_contract_booking_with_all_features" time="0.251" /></testsuite></testsuites>