<?xml version="1.0" encoding="utf-8"?><testsuites name="pytest tests"><testsuite name="pytest" errors="0" failures="0" skipped="1" tests="14" time="0.689" timestamp="2026-01-22T21:47:26.825323+00:00" hostname="agent-env-30f55c84-78e9-4ddc-85cc-131f25023f17"><testcase classname="backend.tests.test_client_portal.TestClientPortalRegistration" name="test_register_endpoint_exists" time="0.078" /><testcase classname="backend.tests.test_client_portal.TestClientPortalRegistration" name="test_register_missing_fields" time="0.079" /><testcase classname="backend.tests.test_client_portal.TestClientPortalLogin" name="test_login_endpoint_exists" time="0.074" /><testcase classname="backend.tests.test_client_portal.TestClientPortalLogin" name="test_login_missing_fields" time="0.038" /><testcase classname="backend.tests.test_client_portal.TestClientPortalBookings" name="test_bookings_requires_auth" time="0.035" /><testcase classname="backend.tests.test_client_portal.TestClientPortalBookings" name="test_bookings_with_invalid_token" time="0.033" /><testcase classname="backend.tests.test_client_portal.TestClientPortalBookingRequests" name="test_booking_requests_requires_auth" time="0.037" /><testcase classname="backend.tests.test_client_portal.TestClientPortalBookingRequests" name="test_create_booking_request_requires_auth" time="0.033" /><testcase classname="backend.tests.test_client_portal.TestClientPortalInvoices" name="test_invoices_requires_auth" time="0.036" /><testcase classname="backend.tests.test_client_portal.TestClientPortalInvoices" name="test_invoices_with_invalid_token" time="0.033" /><testcase classname="backend.tests.test_client_portal.TestClientPortalWithExistingClient" name="test_client_created" time="0.044"><skipped type="pytest.skip" message="Admin login failed - skipping authenticated tests">/app/backend/tests/test_client_portal.py:218: Admin login failed - skipping authenticated tests</skipped></testcase><testcase classname="backend.tests.test_client_portal.TestVehicleTypesPublicEndpoint" name="test_vehicle_types_accessible" time="0.043" /><testcase classname="backend.tests.test_client_portal.TestHealthAndBasicEndpoints" name="test_api_root" time="0.030" /><testcase classname="backend.tests.test_client_portal.TestHealthAndBasicEndpoints" name="test_health_check" time="0.034" /></testsuite></testsuites>