<?xml version="1.0" encoding="utf-8"?><testsuites name="pytest tests"><testsuite name="pytest" errors="0" failures="0" skipped="0" tests="7" time="1.498" timestamp="2026-01-27T09:59:50.903010+00:00" hostname="agent-env-463d46c4-967c-4e60-8066-859383c40369"><testcase classname="backend.tests.test_auto_allocation.TestAutoAllocationOnTimeConflict" name="test_health_check" time="0.074" /><testcase classname="backend.tests.test_auto_allocation.TestAutoAllocationOnTimeConflict" name="test_get_vehicles_and_types" time="0.050" /><testcase classname="backend.tests.test_auto_allocation.TestAutoAllocationOnTimeConflict" name="test_existing_bookings_at_same_time" time="0.041" /><testcase classname="backend.tests.test_auto_allocation.TestAutoAllocationOnTimeConflict" name="test_auto_allocation_on_conflict" time="0.411" /><testcase classname="backend.tests.test_auto_allocation.TestAutoAllocationOnTimeConflict" name="test_error_when_no_alternative_available" time="0.637" /><testcase classname="backend.tests.test_auto_allocation.TestAutoAllocationOnTimeConflict" name="test_vehicle_type_validation_still_works" time="0.186" /><testcase classname="backend.tests.test_auto_allocation.TestDragDropAutoAllocation" name="test_booking_update_endpoint_for_vehicle_assignment" time="0.041" /></testsuite></testsuites>