<?xml version="1.0" encoding="utf-8"?><testsuites name="pytest tests"><testsuite name="pytest" errors="0" failures="1" skipped="0" tests="14" time="24.889" timestamp="2026-01-25T00:35:13.018851+00:00" hostname="agent-env-9f2d774d-08ae-4ea3-b1d7-ace088c3590a"><testcase classname="tests.test_repeat_bookings.TestRepeatBookingsAPI" name="test_daily_repeat_by_occurrences" time="0.232" /><testcase classname="tests.test_repeat_bookings.TestRepeatBookingsAPI" name="test_weekly_repeat_by_occurrences" time="1.454" /><testcase classname="tests.test_repeat_bookings.TestRepeatBookingsAPI" name="test_custom_days_repeat" time="1.383" /><testcase classname="tests.test_repeat_bookings.TestRepeatBookingsAPI" name="test_daily_repeat_by_end_date" time="1.368" /><testcase classname="tests.test_repeat_bookings.TestRepeatBookingsAPI" name="test_weekly_repeat_by_end_date" time="1.347" /><testcase classname="tests.test_repeat_bookings.TestRepeatBookingsAPI" name="test_custom_days_by_end_date" time="1.394" /><testcase classname="tests.test_repeat_bookings.TestRepeatBookingsAPI" name="test_repeat_with_return_journey" time="1.385" /><testcase classname="tests.test_repeat_bookings.TestRepeatBookingsAPI" name="test_max_bookings_limit" time="1.493" /><testcase classname="tests.test_repeat_bookings.TestRepeatBookingsAPI" name="test_bookings_linked_by_repeat_group_id" time="2.811"><failure message="AssertionError: Booking should have repeat_group_id&#10;assert None == '78e24e01-f2c6-420d-90b7-6e293e60ece0'&#10; +  where None = &lt;built-in method get of dict object at 0xfa9ded4da5c0&gt;('repeat_group_id')&#10; +    where &lt;built-in method get of dict object at 0xfa9ded4da5c0&gt; = {'additional_stops': None, 'booking_datetime': '2026-01-26T00:35:23.139568', 'booking_id': 'CJ-135', 'booking_source': None, ...}.get">tests/test_repeat_bookings.py:268: in test_bookings_linked_by_repeat_group_id
    assert booking.get("repeat_group_id") == repeat_group_id, "Booking should have repeat_group_id"
E   AssertionError: Booking should have repeat_group_id
E   assert None == '78e24e01-f2c6-420d-90b7-6e293e60ece0'
E    +  where None = &lt;built-in method get of dict object at 0xfa9ded4da5c0&gt;('repeat_group_id')
E    +    where &lt;built-in method get of dict object at 0xfa9ded4da5c0&gt; = {'additional_stops': None, 'booking_datetime': '2026-01-26T00:35:23.139568', 'booking_id': 'CJ-135', 'booking_source': None, ...}.get</failure></testcase><testcase classname="tests.test_repeat_bookings.TestRepeatBookingsAPI" name="test_validation_custom_days_required" time="0.040" /><testcase classname="tests.test_repeat_bookings.TestRepeatBookingsAPI" name="test_minimum_occurrences" time="0.084" /><testcase classname="tests.test_repeat_bookings.TestRepeatBookingsVerification" name="test_verify_booking_dates_are_correct" time="1.286" /><testcase classname="tests.test_repeat_bookings.TestRepeatBookingsVerification" name="test_verify_booking_ids_are_sequential" time="0.069" /><testcase classname="tests.test_repeat_bookings.TestCleanup" name="test_cleanup_test_bookings" time="10.372" /></testsuite></testsuites>