<?xml version="1.0" encoding="utf-8"?><testsuites name="pytest tests"><testsuite name="pytest" errors="0" failures="0" skipped="0" tests="14" time="18.675" timestamp="2026-01-25T00:36:28.159827+00:00" hostname="agent-env-9f2d774d-08ae-4ea3-b1d7-ace088c3590a"><testcase classname="tests.test_repeat_bookings.TestRepeatBookingsAPI" name="test_daily_repeat_by_occurrences" time="0.068" /><testcase classname="tests.test_repeat_bookings.TestRepeatBookingsAPI" name="test_weekly_repeat_by_occurrences" time="1.318" /><testcase classname="tests.test_repeat_bookings.TestRepeatBookingsAPI" name="test_custom_days_repeat" time="1.384" /><testcase classname="tests.test_repeat_bookings.TestRepeatBookingsAPI" name="test_daily_repeat_by_end_date" time="1.365" /><testcase classname="tests.test_repeat_bookings.TestRepeatBookingsAPI" name="test_weekly_repeat_by_end_date" time="1.286" /><testcase classname="tests.test_repeat_bookings.TestRepeatBookingsAPI" name="test_custom_days_by_end_date" time="1.349" /><testcase classname="tests.test_repeat_bookings.TestRepeatBookingsAPI" name="test_repeat_with_return_journey" time="1.356" /><testcase classname="tests.test_repeat_bookings.TestRepeatBookingsAPI" name="test_max_bookings_limit" time="1.357" /><testcase classname="tests.test_repeat_bookings.TestRepeatBookingsAPI" name="test_bookings_linked_by_repeat_group_id" time="3.435" /><testcase classname="tests.test_repeat_bookings.TestRepeatBookingsAPI" name="test_validation_custom_days_required" time="0.038" /><testcase classname="tests.test_repeat_bookings.TestRepeatBookingsAPI" name="test_minimum_occurrences" time="0.042" /><testcase classname="tests.test_repeat_bookings.TestRepeatBookingsVerification" name="test_verify_booking_dates_are_correct" time="1.372" /><testcase classname="tests.test_repeat_bookings.TestRepeatBookingsVerification" name="test_verify_booking_ids_are_sequential" time="0.077" /><testcase classname="tests.test_repeat_bookings.TestCleanup" name="test_cleanup_test_bookings" time="4.173" /></testsuite></testsuites>